Using pre-set license
Built from '2021.3/staging' branch; Version is '2021.3.14f1 (eee1884e7226) revision 15655304'; Using compiler version '192829333'; Build Type 'Release'
OS: 'Windows 10  (10.0.19045) 64bit Core' Language: 'zh' Physical Memory: 32682 MB
BatchMode: 1, IsHumanControllingUs: 0, StartBugReporterOnCrash: 0, Is64bit: 1, IsPro: 1

COMMAND LINE ARGUMENTS:
C:\Program Files\Unity\Hub\Editor\2021.3.14f1-x86_64\Editor\Unity.exe
-adb2
-batchMode
-noUpm
-name
AssetImportWorker0
-projectPath
D:/Unity/Unity_2D_Bubble_Shooter_Game
-logFile
Logs/AssetImportWorker0.log
-srvPort
4177
Successfully changed project path to: D:/Unity/Unity_2D_Bubble_Shooter_Game
D:/Unity/Unity_2D_Bubble_Shooter_Game
[UnityMemory] Configuration Parameters - Can be set up in boot.config
    "memorysetup-bucket-allocator-granularity=16"
    "memorysetup-bucket-allocator-bucket-count=8"
    "memorysetup-bucket-allocator-block-size=33554432"
    "memorysetup-bucket-allocator-block-count=8"
    "memorysetup-main-allocator-block-size=16777216"
    "memorysetup-thread-allocator-block-size=16777216"
    "memorysetup-gfx-main-allocator-block-size=16777216"
    "memorysetup-gfx-thread-allocator-block-size=16777216"
    "memorysetup-cache-allocator-block-size=4194304"
    "memorysetup-typetree-allocator-block-size=2097152"
    "memorysetup-profiler-bucket-allocator-granularity=16"
    "memorysetup-profiler-bucket-allocator-bucket-count=8"
    "memorysetup-profiler-bucket-allocator-block-size=33554432"
    "memorysetup-profiler-bucket-allocator-block-count=8"
    "memorysetup-profiler-allocator-block-size=16777216"
    "memorysetup-profiler-editor-allocator-block-size=1048576"
    "memorysetup-temp-allocator-size-main=16777216"
    "memorysetup-job-temp-allocator-block-size=2097152"
    "memorysetup-job-temp-allocator-block-size-background=1048576"
    "memorysetup-job-temp-allocator-reduction-small-platforms=262144"
    "memorysetup-temp-allocator-size-background-worker=32768"
    "memorysetup-temp-allocator-size-job-worker=262144"
    "memorysetup-temp-allocator-size-preload-manager=33554432"
    "memorysetup-temp-allocator-size-nav-mesh-worker=65536"
    "memorysetup-temp-allocator-size-audio-worker=65536"
    "memorysetup-temp-allocator-size-cloud-worker=32768"
    "memorysetup-temp-allocator-size-gi-baking-worker=262144"
    "memorysetup-temp-allocator-size-gfx=262144"
Refreshing native plugins compatible for Editor in 5.72 ms, found 2 plugins.
Preloading 0 native plugins for Editor in 0.00 ms.
Initialize engine version: 2021.3.14f1 (eee1884e7226)
[Subsystems] Discovering subsystems at path C:/Program Files/Unity/Hub/Editor/2021.3.14f1-x86_64/Editor/Data/Resources/UnitySubsystems
[Subsystems] Discovering subsystems at path D:/Unity/Unity_2D_Bubble_Shooter_Game/Assets
GfxDevice: creating device client; threaded=0; jobified=0
Direct3D:
    Version:  Direct3D 11.0 [level 11.1]
    Renderer: NVIDIA GeForce RTX 3070 Ti (ID=0x2482)
    Vendor:   NVIDIA
    VRAM:     8031 MB
    Driver:   31.0.15.3623
Initialize mono
Mono path[0] = 'C:/Program Files/Unity/Hub/Editor/2021.3.14f1-x86_64/Editor/Data/Managed'
Mono path[1] = 'C:/Program Files/Unity/Hub/Editor/2021.3.14f1-x86_64/Editor/Data/MonoBleedingEdge/lib/mono/unityjit-win32'
Mono config path = 'C:/Program Files/Unity/Hub/Editor/2021.3.14f1-x86_64/Editor/Data/MonoBleedingEdge/etc'
Using monoOptions --debugger-agent=transport=dt_socket,embedding=1,server=y,suspend=n,address=127.0.0.1:56408
Begin MonoManager ReloadAssembly
Registering precompiled unity dll's ...
Register platform support module: C:/Program Files/Unity/Hub/Editor/2021.3.14f1-x86_64/Editor/Data/PlaybackEngines/WebGLSupport/UnityEditor.WebGL.Extensions.dll
Register platform support module: C:/Program Files/Unity/Hub/Editor/2021.3.14f1-x86_64/Editor/Data/PlaybackEngines/AndroidPlayer/UnityEditor.Android.Extensions.dll
Register platform support module: C:/Program Files/Unity/Hub/Editor/2021.3.14f1-x86_64/Editor/Data/PlaybackEngines/iOSSupport/UnityEditor.iOS.Extensions.dll
Register platform support module: C:/Program Files/Unity/Hub/Editor/2021.3.14f1-x86_64/Editor/Data/PlaybackEngines/WindowsStandaloneSupport/UnityEditor.WindowsStandalone.Extensions.dll
Registered in 0.007092 seconds.
Native extension for WindowsStandalone target not found
[usbmuxd] Start listen thread
[usbmuxd] Listen thread started
[usbmuxd] Send listen message
Native extension for iOS target not found
Native extension for Android target not found
Native extension for WebGL target not found
Refreshing native plugins compatible for Editor in 3.71 ms, found 2 plugins.
Preloading 0 native plugins for Editor in 0.00 ms.
Mono: successfully reloaded assembly
- Completed reload, in  0.423 seconds
Domain Reload Profiling:
	ReloadAssembly (424ms)
		BeginReloadAssembly (63ms)
			ExecutionOrderSort (0ms)
			DisableScriptedObjects (0ms)
			BackupInstance (0ms)
			ReleaseScriptingObjects (0ms)
			CreateAndSetChildDomain (1ms)
		EndReloadAssembly (280ms)
			LoadAssemblies (62ms)
			RebuildTransferFunctionScriptingTraits (0ms)
			SetupTypeCache (69ms)
			ReleaseScriptCaches (0ms)
			RebuildScriptCaches (19ms)
			SetupLoadedEditorAssemblies (156ms)
				LogAssemblyErrors (0ms)
				InitializePlatformSupportModulesInManaged (50ms)
				SetLoadedEditorAssemblies (0ms)
				RefreshPlugins (4ms)
				BeforeProcessingInitializeOnLoad (1ms)
				ProcessInitializeOnLoadAttributes (71ms)
				ProcessInitializeOnLoadMethodAttributes (30ms)
				AfterProcessingInitializeOnLoad (0ms)
				EditorAssembliesLoaded (0ms)
			ExecutionOrderSort2 (0ms)
			AwakeInstancesAfterBackupRestoration (0ms)
Platform modules already initialized, skipping
Registering precompiled user dll's ...
Registered in 0.001904 seconds.
Begin MonoManager ReloadAssembly
Native extension for WindowsStandalone target not found
Native extension for iOS target not found
Native extension for Android target not found
Native extension for WebGL target not found
Refreshing native plugins compatible for Editor in 0.16 ms, found 2 plugins.
Preloading 0 native plugins for Editor in 0.00 ms.
System.MissingMethodException: Method not found: void UnityEditor.PluginImporter.SetShouldOverridePredicate(System.Predicate`1<string>)
UnityEngine.StackTraceUtility:ExtractStackTrace ()
UnityEngine.DebugLogHandler:LogFormat (UnityEngine.LogType,UnityEngine.Object,string,object[])
UnityEngine.Logger:Log (UnityEngine.LogType,object)
UnityEngine.Debug:LogError (object)
UnityEditor.EditorAssemblies:ProcessInitializeOnLoadAttributes (System.Type[])

Mono: successfully reloaded assembly
- Completed reload, in  0.600 seconds
Domain Reload Profiling:
	ReloadAssembly (601ms)
		BeginReloadAssembly (195ms)
			ExecutionOrderSort (0ms)
			DisableScriptedObjects (4ms)
			BackupInstance (0ms)
			ReleaseScriptingObjects (0ms)
			CreateAndSetChildDomain (131ms)
		EndReloadAssembly (328ms)
			LoadAssemblies (87ms)
			RebuildTransferFunctionScriptingTraits (0ms)
			SetupTypeCache (69ms)
			ReleaseScriptCaches (0ms)
			RebuildScriptCaches (19ms)
			SetupLoadedEditorAssemblies (127ms)
				LogAssemblyErrors (0ms)
				InitializePlatformSupportModulesInManaged (19ms)
				SetLoadedEditorAssemblies (0ms)
				RefreshPlugins (0ms)
				BeforeProcessingInitializeOnLoad (22ms)
				ProcessInitializeOnLoadAttributes (66ms)
				ProcessInitializeOnLoadMethodAttributes (13ms)
				AfterProcessingInitializeOnLoad (6ms)
				EditorAssembliesLoaded (0ms)
			ExecutionOrderSort2 (0ms)
			AwakeInstancesAfterBackupRestoration (4ms)
Platform modules already initialized, skipping
========================================================================
Worker process is ready to serve import requests
Launched and connected shader compiler UnityShaderCompiler.exe after 0.04 seconds
Refreshing native plugins compatible for Editor in 0.13 ms, found 2 plugins.
Preloading 0 native plugins for Editor in 0.00 ms.
Unloading 230 Unused Serialized files (Serialized files now loaded: 0)
Unloading 13 unused Assets / (56.1 KB). Loaded Objects now: 695.
Memory consumption went from 30.3 MB to 30.3 MB.
Total: 2.061100 ms (FindLiveObjects: 0.039400 ms CreateObjectMapping: 0.007700 ms MarkObjects: 1.965000 ms  DeleteObjects: 0.048500 ms)

AssetImportParameters requested are different than current active one (requested -> active):
  custom:video-decoder-ogg-theora: a1e56fd34408186e4bbccfd4996cb3dc -> 
  custom:container-muxer-webm: aa71ff27fc2769a1b78a27578f13a17b -> 
  custom:container-demuxer-webm: 4f35f7cbe854078d1ac9338744f61a02 -> 
  custom:postprocessor/textureSprite: 704a9d4329f3af01b3a5c89999a88182 -> 1909f56bfc062723c751e8b465ee728b
  custom:video-encoder-webm-vp8: eb34c28f22e8b96e1ab97ce403110664 -> 
  custom:audio-encoder-webm-vorbis: bf7c407c2cedff20999df2af8eb42d56 -> 
  custom:framework-win-MediaFoundation: 216162199b28c13a410421893ffa2e32 -> 
  custom:container-demuxer-ogg: 62fdf1f143b41e24485cea50d1cbac27 -> 
  custom:video-decoder-webm-vp8: 9c59270c3fd7afecdb556c50c9e8de78 -> 
  custom:audio-decoder-ogg-vorbis: bf7c407c2cedff20999df2af8eb42d56 -> 
========================================================================
Received Import Request.
  Time since last request: 406350.792409 seconds.
  path: Assets/ShinnUtlis/scripts
  artifactKey: Guid(bc11352d387b97f4c89ef9aed7bb153a) Importer(815301076,1909f56bfc062723c751e8b465ee728b)
Start importing Assets/ShinnUtlis/scripts using Guid(bc11352d387b97f4c89ef9aed7bb153a) Importer(815301076,1909f56bfc062723c751e8b465ee728b)  -> (artifact id: '1fe4fb2be71a6c1de26676ec4cc86dae') in 0.007543 seconds 
========================================================================
Received Import Request.
  Time since last request: 1.103836 seconds.
  path: Assets/ShinnUtlis/Editor
  artifactKey: Guid(79b8c81d26d47394c8b00a404ef2ca57) Importer(815301076,1909f56bfc062723c751e8b465ee728b)
Start importing Assets/ShinnUtlis/Editor using Guid(79b8c81d26d47394c8b00a404ef2ca57) Importer(815301076,1909f56bfc062723c751e8b465ee728b)  -> (artifact id: 'ba230d3e7278ba7555453a9f7b068e09') in 0.007070 seconds 
========================================================================
Received Import Request.
  Time since last request: 1.535987 seconds.
  path: Assets/New Material.mat
  artifactKey: Guid(686a085e73777fe41bbdf3a51e4c26b6) Importer(815301076,1909f56bfc062723c751e8b465ee728b)
Start importing Assets/New Material.mat using Guid(686a085e73777fe41bbdf3a51e4c26b6) Importer(815301076,1909f56bfc062723c751e8b465ee728b)  -> (artifact id: '3a600a5888cf8514d7f5cb205a689f05') in 0.099108 seconds 
========================================================================
Received Import Request.
  Time since last request: 0.846815 seconds.
  path: Assets/GameScene.unity
  artifactKey: Guid(a52e2890016373f4aa80886f750bb33a) Importer(815301076,1909f56bfc062723c751e8b465ee728b)
Start importing Assets/GameScene.unity using Guid(a52e2890016373f4aa80886f750bb33a) Importer(815301076,1909f56bfc062723c751e8b465ee728b)  -> (artifact id: '8265bc04cde1a65565cb565f39147e93') in 0.005955 seconds 
========================================================================
Received Import Request.
  Time since last request: 44.254967 seconds.
  path: Assets/Scenes
  artifactKey: Guid(131a6b21c8605f84396be9f6751fb6e3) Importer(815301076,1909f56bfc062723c751e8b465ee728b)
Start importing Assets/Scenes using Guid(131a6b21c8605f84396be9f6751fb6e3) Importer(815301076,1909f56bfc062723c751e8b465ee728b)  -> (artifact id: '2c23e514d24f6b65fe96946cd87fc526') in 0.006568 seconds 
========================================================================
Received Import Request.
  Time since last request: 172.497203 seconds.
  path: Assets/ShinnUtlis
  artifactKey: Guid(93a30066b2fa2c64091d5e63e24838bd) Importer(815301076,1909f56bfc062723c751e8b465ee728b)
Start importing Assets/ShinnUtlis using Guid(93a30066b2fa2c64091d5e63e24838bd) Importer(815301076,1909f56bfc062723c751e8b465ee728b)  -> (artifact id: '5be6d0b17a849a910a347e75dab0dcc7') in 0.006974 seconds 
========================================================================
Received Import Request.
  Time since last request: 1.176017 seconds.
  path: Assets/MyProject
  artifactKey: Guid(7084e3fab797c254f99e90d2f3762ea8) Importer(815301076,1909f56bfc062723c751e8b465ee728b)
Start importing Assets/MyProject using Guid(7084e3fab797c254f99e90d2f3762ea8) Importer(815301076,1909f56bfc062723c751e8b465ee728b)  -> (artifact id: '7d0ebe3fe194031516cdbe343529d8db') in 0.007087 seconds 
========================================================================
Received Import Request.
  Time since last request: 0.472135 seconds.
  path: Assets/Data
  artifactKey: Guid(6c441b1c75854f9439299f9a34e74a2f) Importer(815301076,1909f56bfc062723c751e8b465ee728b)
Start importing Assets/Data using Guid(6c441b1c75854f9439299f9a34e74a2f) Importer(815301076,1909f56bfc062723c751e8b465ee728b)  -> (artifact id: 'd635e9b3624fc1093aa46f7a95c8be75') in 0.007109 seconds 
========================================================================
Received Import Request.
  Time since last request: 1.304900 seconds.
  path: Assets/Plugins
  artifactKey: Guid(f1c9be7b18a9faf4cae4c097c58a4436) Importer(815301076,1909f56bfc062723c751e8b465ee728b)
Start importing Assets/Plugins using Guid(f1c9be7b18a9faf4cae4c097c58a4436) Importer(815301076,1909f56bfc062723c751e8b465ee728b)  -> (artifact id: '86a1036c11da9203e1969014344f7825') in 0.006956 seconds 
========================================================================
Received Import Request.
  Time since last request: 27.743847 seconds.
  path: Assets/ProjectileReflectionEmitterUnityNative.cs
  artifactKey: Guid(7a59704ef3c86d84a9179e3d7f84dfea) Importer(815301076,1909f56bfc062723c751e8b465ee728b)
Start importing Assets/ProjectileReflectionEmitterUnityNative.cs using Guid(7a59704ef3c86d84a9179e3d7f84dfea) Importer(815301076,1909f56bfc062723c751e8b465ee728b)  -> (artifact id: 'bf859d15a7c098ee16ba37000f14a76a') in 0.008274 seconds 
========================================================================
Received Import Request.
  Time since last request: 38.599062 seconds.
  path: Assets/MyProject/Scripts
  artifactKey: Guid(2af1fadd106e08944ae5655d83a158d2) Importer(815301076,1909f56bfc062723c751e8b465ee728b)
Start importing Assets/MyProject/Scripts using Guid(2af1fadd106e08944ae5655d83a158d2) Importer(815301076,1909f56bfc062723c751e8b465ee728b)  -> (artifact id: '7c46f862e40f4066464bf91ca3e2f24a') in 0.006577 seconds 
========================================================================
Received Import Request.
  Time since last request: 11.973149 seconds.
  path: Assets/MyProject/Scripts/Hitter.cs
  artifactKey: Guid(06102561196d32848bae7476ccce31af) Importer(815301076,1909f56bfc062723c751e8b465ee728b)
Start importing Assets/MyProject/Scripts/Hitter.cs using Guid(06102561196d32848bae7476ccce31af) Importer(815301076,1909f56bfc062723c751e8b465ee728b)  -> (artifact id: '6bf8f9460eef48e472690310ba2393f3') in 0.006556 seconds 
========================================================================
Received Import Request.
  Time since last request: 1.808473 seconds.
  path: Assets/MyProject/Scripts/GridManager.cs
  artifactKey: Guid(18c163ce81ad7cc428c4ef566a009758) Importer(815301076,1909f56bfc062723c751e8b465ee728b)
Start importing Assets/MyProject/Scripts/GridManager.cs using Guid(18c163ce81ad7cc428c4ef566a009758) Importer(815301076,1909f56bfc062723c751e8b465ee728b)  -> (artifact id: '1179219ad224380238cfc574b5714205') in 0.005306 seconds 
========================================================================
Received Import Request.
  Time since last request: 3.058095 seconds.
  path: Assets/MyProject/Scripts/GridMember.cs
  artifactKey: Guid(bf17d88e719b4444e81ff75975ed7a03) Importer(815301076,1909f56bfc062723c751e8b465ee728b)
Start importing Assets/MyProject/Scripts/GridMember.cs using Guid(bf17d88e719b4444e81ff75975ed7a03) Importer(815301076,1909f56bfc062723c751e8b465ee728b)  -> (artifact id: '33a67845519380e10752dcc837e1657d') in 0.006510 seconds 
